0 info it worked if it ends with ok
1 verbose cli [ '/usr/bin/node', '/usr/bin/npm', 'install', '-g' ]
2 info using npm@1.4.28
3 info using node@v0.10.37
4 verbose node symlink /usr/bin/node
5 verbose cache add [ '.', null ]
6 verbose cache add name=undefined spec="." args=[".",null]
7 verbose parsed url { protocol: null,
7 verbose parsed url   slashes: null,
7 verbose parsed url   auth: null,
7 verbose parsed url   host: null,
7 verbose parsed url   port: null,
7 verbose parsed url   hostname: null,
7 verbose parsed url   hash: null,
7 verbose parsed url   search: null,
7 verbose parsed url   query: null,
7 verbose parsed url   pathname: '.',
7 verbose parsed url   path: '.',
7 verbose parsed url   href: '.' }
8 silly lockFile 3a52ce78- .
9 verbose lock . /home/vagrant/.npm/3a52ce78-.lock
10 silly lockFile 3a52ce78- .
11 silly lockFile 3a52ce78- .
12 error addLocal Could not install .
13 error Error: No version provided
13 error     at needVersion (/usr/lib/node_modules/npm/lib/cache/add-local.js:144:40)
13 error     at /usr/lib/node_modules/npm/lib/cache/add-local.js:77:10
13 error     at /usr/lib/node_modules/npm/node_modules/read-package-json/read-json.js:51:40
13 error     at final (/usr/lib/node_modules/npm/node_modules/read-package-json/read-json.js:349:17)
13 error     at then (/usr/lib/node_modules/npm/node_modules/read-package-json/read-json.js:126:33)
13 error     at /usr/lib/node_modules/npm/node_modules/read-package-json/read-json.js:266:40
13 error     at evalmachine.<anonymous>:272:14
13 error     at /usr/lib/node_modules/npm/node_modules/graceful-fs/graceful-fs.js:102:5
13 error     at Object.oncomplete (evalmachine.<anonymous>:108:15)
14 error If you need help, you may report this *entire* log,
14 error including the npm and node versions, at:
14 error     <http://github.com/npm/npm/issues>
15 error System Linux 3.2.0-23-generic
16 error command "/usr/bin/node" "/usr/bin/npm" "install" "-g"
17 error cwd /edx/app/edxapp/themes/guandhal
18 error node -v v0.10.37
19 error npm -v 1.4.28
20 verbose exit [ 1, true ]
